\BOOKMARK [1][-]{section.1}{\376\377\000I\000n\000t\000r\000o\000d\000u\000c\000t\000i\000o\000n}{}% 1
\BOOKMARK [2][-]{subsection.1.1}{\376\377\000W\000h\000a\000t\000\040\000i\000s\000\040\000a\000n\000\040\000O\000p\000e\000r\000a\000t\000i\000n\000g\000\040\000S\000y\000s\000t\000e\000m\000?}{section.1}% 2
\BOOKMARK [2][-]{subsection.1.2}{\376\377\000W\000h\000o\000\040\000i\000s\000\040\000L\000y\000n\000u\000x\000\040\000W\000o\000r\000k\000s\000\040\000a\000n\000d\000\040\000w\000h\000a\000t\000\040\000i\000s\000\040\000L\000y\000n\000x\000\040\000O\000S\000?}{section.1}% 3
\BOOKMARK [2][-]{subsection.1.3}{\376\377\000W\000h\000e\000r\000e\000\040\000i\000s\000\040\000L\000y\000n\000x\000\040\000O\000S\000\040\000f\000o\000u\000n\000d\000?}{section.1}% 4
\BOOKMARK [1][-]{section.2}{\376\377\000E\000m\000b\000e\000d\000d\000e\000d\000\040\000S\000y\000s\000t\000e\000m\000s}{}% 5
\BOOKMARK [2][-]{subsection.2.1}{\376\377\000E\000m\000b\000e\000d\000d\000e\000d\000\040\000S\000y\000s\000t\000e\000m\000\040\000H\000i\000s\000t\000o\000r\000y}{section.2}% 6
\BOOKMARK [2][-]{subsection.2.2}{\376\377\000E\000m\000b\000e\000d\000d\000e\000d\000\040\000S\000y\000s\000t\000e\000m\000\040\000C\000a\000t\000e\000g\000o\000r\000i\000e\000s}{section.2}% 7
\BOOKMARK [2][-]{subsection.2.3}{\376\377\000E\000m\000b\000e\000d\000d\000e\000d\000\040\000S\000y\000s\000t\000e\000m\000s\000\040\000F\000a\000c\000t\000o\000r\000s}{section.2}% 8
\BOOKMARK [3][-]{subsubsection.2.3.1}{\376\377\000R\000T\000O\000S}{subsection.2.3}% 9
\BOOKMARK [4][-]{paragraph.2.3.1.1}{\376\377\000L\000y\000n\000x\000\040\000O\000S}{subsubsection.2.3.1}% 10
\BOOKMARK [1][-]{section.3}{\376\377\000D\000e\000s\000i\000g\000n\000\040\000G\000o\000a\000l\000s\000\040\000a\000n\000d\000\040\000A\000p\000p\000r\000o\000a\000c\000h}{}% 11
\BOOKMARK [2][-]{subsection.3.1}{\376\377\000D\000e\000s\000i\000g\000n\000\040\000G\000o\000a\000l\000s\000\040\000o\000f\000\040\000L\000y\000n\000x\000\040\000O\000S}{section.3}% 12
\BOOKMARK [2][-]{subsection.3.2}{\376\377\000L\000y\000n\000x\000\040\000O\000S\000\040\000A\000p\000p\000r\000o\000a\000c\000h}{section.3}% 13
\BOOKMARK [1][-]{section.4}{\376\377\000S\000t\000r\000u\000c\000t\000u\000r\000a\000l\000\040\000O\000v\000e\000r\000v\000i\000e\000w}{}% 14
\BOOKMARK [2][-]{subsection.4.1}{\376\377\000A\000r\000c\000h\000i\000t\000e\000c\000t\000u\000r\000e\000\040\000o\000f\000\040\000L\000y\000n\000x\000\040\000O\000S}{section.4}% 15
\BOOKMARK [2][-]{subsection.4.2}{\376\377\000C\000o\000m\000p\000o\000n\000e\000n\000t\000\040\000S\000t\000r\000u\000c\000t\000u\000r\000e\000\040\000o\000f\000\040\000L\000y\000n\000x\000O\000S}{section.4}% 16
\BOOKMARK [1][-]{section.5}{\376\377\000P\000r\000o\000c\000e\000s\000s\000\040\000a\000n\000d\000\040\000T\000h\000r\000e\000a\000d\000\040\000O\000r\000g\000a\000n\000i\000z\000a\000t\000i\000o\000n}{}% 17
\BOOKMARK [2][-]{subsection.5.1}{\376\377\000G\000e\000n\000e\000r\000a\000l\000\040\000D\000e\000f\000i\000n\000i\000t\000i\000o\000n\000s}{section.5}% 18
\BOOKMARK [2][-]{subsection.5.2}{\376\377\000I\000s\000s\000u\000e\000s\000\040\000A\000s\000s\000o\000c\000i\000a\000t\000e\000d\000\040\000W\000i\000t\000h\000\040\000T\000a\000s\000k\000\040\000S\000c\000h\000e\000d\000u\000e\000l\000i\000n\000g\000\040}{section.5}% 19
\BOOKMARK [3][-]{subsubsection.5.2.1}{\376\377\000P\000r\000i\000o\000r\000i\000t\000y\000\040\000I\000n\000v\000e\000r\000s\000i\000o\000n}{subsection.5.2}% 20
\BOOKMARK [2][-]{subsection.5.3}{\376\377\000P\000r\000o\000c\000e\000s\000s\000\040\000M\000a\000n\000a\000g\000e\000m\000e\000n\000t\000\040\000a\000n\000d\000\040\000S\000c\000h\000e\000d\000u\000e\000l\000i\000n\000g}{section.5}% 21
\BOOKMARK [3][-]{subsubsection.5.3.1}{\376\377\000P\000O\000S\000I\000X\000\040\000i\000n\000\040\000L\000y\000n\000x\000O\000S}{subsection.5.3}% 22
\BOOKMARK [4][-]{paragraph.5.3.1.1}{\376\377\000W\000h\000a\000t\000\040\000i\000s\000\040\000P\000O\000S\000I\000X\000?}{subsubsection.5.3.1}% 23
\BOOKMARK [4][-]{paragraph.5.3.1.2}{\376\377\000W\000h\000a\000t\000\040\000D\000o\000e\000s\000\040\000B\000e\000i\000n\000g\000\040\000P\000O\000S\000I\000X\000-\000C\000o\000m\000p\000l\000i\000a\000n\000t\000\040\000M\000e\000a\000n\000?}{subsubsection.5.3.1}% 24
\BOOKMARK [4][-]{paragraph.5.3.1.3}{\376\377\000I\000n\000v\000o\000l\000v\000e\000m\000e\000n\000t\000\040\000o\000f\000\040\000P\000O\000S\000I\000X\000\040\000i\000n\000\040\000L\000y\000n\000x\000\040\000O\000S}{subsubsection.5.3.1}% 25
\BOOKMARK [3][-]{subsubsection.5.3.2}{\376\377\000L\000y\000n\000x\000O\000S\000\040\000S\000c\000h\000e\000d\000u\000l\000i\000n\000g}{subsection.5.3}% 26
\BOOKMARK [3][-]{subsubsection.5.3.3}{\376\377\000L\000y\000n\000x\000O\000S\000\040\000I\000n\000t\000e\000r\000r\000u\000p\000t\000\040\000H\000a\000n\000d\000l\000i\000n\000g\000\040\000S\000y\000s\000t\000e\000m}{subsection.5.3}% 27
\BOOKMARK [2][-]{subsection.5.4}{\376\377\000I\000n\000t\000e\000r\000p\000r\000o\000c\000e\000s\000s\000\040\000C\000o\000m\000m\000u\000n\000i\000c\000a\000t\000i\000o\000n\000\040\000a\000n\000d\000\040\000P\000r\000o\000c\000e\000s\000s\000\040\000S\000y\000n\000c\000h\000r\000o\000n\000i\000z\000a\000t\000i\000o\000n}{section.5}% 28
\BOOKMARK [3][-]{subsubsection.5.4.1}{\376\377\000P\000e\000r\000m\000i\000s\000s\000i\000o\000n\000s}{subsection.5.4}% 29
\BOOKMARK [3][-]{subsubsection.5.4.2}{\376\377\000S\000y\000s\000t\000e\000m\000\040\000V\000\040\000M\000e\000s\000s\000a\000g\000e\000s}{subsection.5.4}% 30
\BOOKMARK [3][-]{subsubsection.5.4.3}{\376\377\000S\000y\000s\000t\000e\000m\000\040\000V\000\040\000S\000e\000m\000a\000p\000h\000o\000r\000e\000s}{subsection.5.4}% 31
\BOOKMARK [3][-]{subsubsection.5.4.4}{\376\377\000S\000y\000s\000t\000e\000m\000\040\000V\000\040\000S\000h\000a\000r\000e\000d\000\040\000M\000e\000m\000o\000r\000y}{subsection.5.4}% 32
\BOOKMARK [2][-]{subsection.5.5}{\376\377\000D\000e\000a\000d\000l\000o\000c\000k\000\040\000H\000a\000n\000d\000l\000i\000n\000g\000\040\000i\000n\000\040\000L\000y\000n\000x\000\040\000O\000S}{section.5}% 33
\BOOKMARK [3][-]{subsubsection.5.5.1}{\376\377\000D\000e\000a\000d\000l\000o\000c\000k\000\040\000A\000v\000o\000i\000d\000a\000n\000c\000e}{subsection.5.5}% 34
\BOOKMARK [3][-]{subsubsection.5.5.2}{\376\377\000D\000e\000a\000d\000l\000o\000c\000k\000\040\000D\000e\000t\000e\000c\000t\000i\000o\000n}{subsection.5.5}% 35
\BOOKMARK [3][-]{subsubsection.5.5.3}{\376\377\000D\000e\000a\000d\000l\000o\000c\000k\000\040\000R\000e\000c\000o\000v\000e\000r\000y}{subsection.5.5}% 36
\BOOKMARK [1][-]{section.6}{\376\377\000M\000e\000m\000o\000r\000y\000\040\000M\000a\000n\000a\000g\000e\000m\000e\000n\000t}{}% 37
\BOOKMARK [2][-]{subsection.6.1}{\376\377\000M\000e\000m\000o\000r\000y\000\040\000M\000a\000n\000a\000g\000e\000m\000e\000n\000t\000\040\000U\000n\000i\000t}{section.6}% 38
\BOOKMARK [2][-]{subsection.6.2}{\376\377\000M\000e\000m\000o\000r\000y\000\040\000A\000l\000l\000o\000c\000a\000t\000i\000o\000n\000\040\000S\000t\000r\000u\000c\000t\000u\000r\000e}{section.6}% 39
\BOOKMARK [3][-]{subsubsection.6.2.1}{\376\377\000h\000e\000a\000p\000\137\0001}{subsection.6.2}% 40
\BOOKMARK [3][-]{subsubsection.6.2.2}{\376\377\000h\000e\000a\000p\000\137\0002}{subsection.6.2}% 41
\BOOKMARK [3][-]{subsubsection.6.2.3}{\376\377\000h\000e\000a\000p\000\137\0003}{subsection.6.2}% 42
\BOOKMARK [3][-]{subsubsection.6.2.4}{\376\377\000h\000e\000a\000p\000\137\0004}{subsection.6.2}% 43
\BOOKMARK [3][-]{subsubsection.6.2.5}{\376\377\000h\000e\000a\000p\000\137\0005}{subsection.6.2}% 44
\BOOKMARK [2][-]{subsection.6.3}{\376\377\000A\000d\000d\000r\000e\000s\000s\000\040\000S\000p\000a\000c\000e\000\040\000P\000r\000o\000t\000e\000c\000t\000i\000o\000n}{section.6}% 45
\BOOKMARK [1][-]{section.7}{\376\377\000F\000i\000l\000e\000\040\000M\000a\000n\000a\000g\000e\000m\000e\000n\000t\000\040\000a\000n\000d\000\040\000S\000e\000c\000o\000n\000d\000a\000r\000y\000\040\000S\000t\000o\000r\000a\000g\000e}{}% 46
\BOOKMARK [2][-]{subsection.7.1}{\376\377\000W\000h\000a\000t\000\040\000i\000s\000\040\000a\000\040\000f\000i\000l\000e\000?}{section.7}% 47
\BOOKMARK [2][-]{subsection.7.2}{\376\377\000W\000h\000a\000t\000\040\000i\000s\000\040\000f\000i\000l\000e\000\040\000m\000a\000n\000a\000g\000e\000m\000e\000n\000t\000?}{section.7}% 48
\BOOKMARK [2][-]{subsection.7.3}{\376\377\000R\000o\000l\000e\000\040\000o\000f\000\040\000f\000i\000l\000e\000\040\000m\000a\000n\000a\000g\000e\000m\000e\000n\000t}{section.7}% 49
\BOOKMARK [2][-]{subsection.7.4}{\376\377\000P\000i\000l\000l\000a\000r\000s\000\040\000o\000f\000\040\000F\000i\000l\000e\000\040\000M\000a\000n\000a\000g\000e\000m\000e\000n\000t}{section.7}% 50
\BOOKMARK [2][-]{subsection.7.5}{\376\377\000L\000y\000n\000x\000\040\000O\000S\000\040\000F\000i\000l\000e\000\040\000S\000y\000s\000t\000e\000m\000s}{section.7}% 51
\BOOKMARK [2][-]{subsection.7.6}{\376\377\000N\000e\000t\000w\000o\000r\000k\000\040\000F\000i\000l\000e\000\040\000S\000y\000s\000t\000e\000m}{section.7}% 52
\BOOKMARK [3][-]{subsubsection.7.6.1}{\376\377\000N\000F\000S\000\040\000P\000r\000o\000t\000o\000c\000o\000l}{subsection.7.6}% 53
\BOOKMARK [3][-]{subsubsection.7.6.2}{\376\377\000G\000o\000a\000l\000s\000\040\000o\000f\000\040\000N\000F\000S\000\040\000D\000e\000s\000i\000g\000n}{subsection.7.6}% 54
\BOOKMARK [2][-]{subsection.7.7}{\376\377\000F\000l\000a\000s\000h\000\040\000F\000i\000l\000e\000\040\000S\000y\000s\000t\000e\000m}{section.7}% 55
\BOOKMARK [3][-]{subsubsection.7.7.1}{\376\377\000M\000e\000m\000o\000r\000y\000\040\000O\000r\000g\000a\000n\000i\000z\000a\000t\000i\000o\000n}{subsection.7.7}% 56
\BOOKMARK [3][-]{subsubsection.7.7.2}{\376\377\000A\000l\000l\000o\000c\000a\000t\000i\000o\000n\000\040\000I\000n\000f\000o\000r\000m\000a\000t\000i\000o\000n}{subsection.7.7}% 57
\BOOKMARK [3][-]{subsubsection.7.7.3}{\376\377\000F\000i\000l\000e\000\040\000N\000a\000m\000e\000s\000\040\000a\000n\000d\000\040\000C\000o\000n\000t\000e\000n\000t}{subsection.7.7}% 58
\BOOKMARK [1][-]{section.8}{\376\377\000C\000o\000n\000c\000l\000u\000s\000i\000o\000n}{}% 59
