This is pdfTeX, Version 3.141592653-2.6-1.40.22 (TeX Live 2021) (preloaded format=pdflatex 2021.4.7)  16 APR 2021 23:16
entering extended mode
 restricted \write18 enabled.
 file:line:error style messages enabled.
 %&-line parsing enabled.
**osCaseStudy.tex
(./osCaseStudy.tex
LaTeX2e <2020-10-01> patch level 4
L3 programming layer <2021-02-18>
(/usr/local/texlive/2021/texmf-dist/tex/latex/base/article.cls
Document Class: article 2020/04/10 v1.4m Standard LaTeX document class
(/usr/local/texlive/2021/texmf-dist/tex/latex/base/size12.clo
File: size12.clo 2020/04/10 v1.4m Standard LaTeX file (size option)
)
\c@part=\count179
\c@section=\count180
\c@subsection=\count181
\c@subsubsection=\count182
\c@paragraph=\count183
\c@subparagraph=\count184
\c@figure=\count185
\c@table=\count186
\abovecaptionskip=\skip47
\belowcaptionskip=\skip48
\bibindent=\dimen138
)
(/usr/local/texlive/2021/texmf-dist/tex/latex/base/inputenc.sty
Package: inputenc 2020/08/01 v1.3d Input encoding file
\inpenc@prehook=\toks15
\inpenc@posthook=\toks16
)
(/usr/local/texlive/2021/texmf-dist/tex/latex/base/fontenc.sty
Package: fontenc 2020/08/10 v2.0s Standard LaTeX package
)
(/usr/local/texlive/2021/texmf-dist/tex/latex/psnfss/mathpazo.sty
Package: mathpazo 2020/03/25 PSNFSS-v9.3 Palatino w/ Pazo Math (D.Puga, WaS) 
\symupright=\mathgroup4
)
(/usr/local/texlive/2021/texmf-dist/tex/latex/graphics/graphicx.sty
Package: graphicx 2020/09/09 v1.2b Enhanced LaTeX Graphics (DPC,SPQR)

(/usr/local/texlive/2021/texmf-dist/tex/latex/graphics/keyval.sty
Package: keyval 2014/10/28 v1.15 key=value parser (DPC)
\KV@toks@=\toks17
)
(/usr/local/texlive/2021/texmf-dist/tex/latex/graphics/graphics.sty
Package: graphics 2020/08/30 v1.4c Standard LaTeX Graphics (DPC,SPQR)

(/usr/local/texlive/2021/texmf-dist/tex/latex/graphics/trig.sty
Package: trig 2016/01/03 v1.10 sin cos tan (DPC)
)
(/usr/local/texlive/2021/texmf-dist/tex/latex/graphics-cfg/graphics.cfg
File: graphics.cfg 2016/06/04 v1.11 sample graphics configuration
)
Package graphics Info: Driver file: pdftex.def on input line 105.

(/usr/local/texlive/2021/texmf-dist/tex/latex/graphics-def/pdftex.def
File: pdftex.def 2020/10/05 v1.2a Graphics/color driver for pdftex
))
\Gin@req@height=\dimen139
\Gin@req@width=\dimen140
)
(/usr/local/texlive/2021/texmf-dist/tex/latex/float/float.sty
Package: float 2001/11/08 v1.3d Float enhancements (AL)
\c@float@type=\count187
\float@exts=\toks18
\float@box=\box47
\@float@everytoks=\toks19
\@floatcapt=\box48
)
LaTeX Font Info:    Trying to load font information for T1+ppl on input line 21
.

(/usr/local/texlive/2021/texmf-dist/tex/latex/psnfss/t1ppl.fd
File: t1ppl.fd 2001/06/04 font definitions for T1/ppl.
)
(/usr/local/texlive/2021/texmf-dist/tex/latex/l3backend/l3backend-pdftex.def
File: l3backend-pdftex.def 2021-03-18 L3 backend support: PDF output (pdfTeX)
\l__color_backend_stack_int=\count188
\l__pdf_internal_box=\box49
)
(./osCaseStudy.aux

LaTeX Warning: Label `fig:arch1' multiply defined.


LaTeX Warning: Label `fig:arch1' multiply defined.


LaTeX Warning: Label `fig:arch1' multiply defined.

)
\openout1 = `osCaseStudy.aux'.

LaTeX Font Info:    Checking defaults for OML/cmm/m/it on input line 21.
LaTeX Font Info:    ... okay on input line 21.
LaTeX Font Info:    Checking defaults for OMS/cmsy/m/n on input line 21.
LaTeX Font Info:    ... okay on input line 21.
LaTeX Font Info:    Checking defaults for OT1/cmr/m/n on input line 21.
LaTeX Font Info:    ... okay on input line 21.
LaTeX Font Info:    Checking defaults for T1/cmr/m/n on input line 21.
LaTeX Font Info:    ... okay on input line 21.
LaTeX Font Info:    Checking defaults for TS1/cmr/m/n on input line 21.
LaTeX Font Info:    ... okay on input line 21.
LaTeX Font Info:    Checking defaults for OMX/cmex/m/n on input line 21.
LaTeX Font Info:    ... okay on input line 21.
LaTeX Font Info:    Checking defaults for U/cmr/m/n on input line 21.
LaTeX Font Info:    ... okay on input line 21.
\big@size=\dimen141
 (/usr/local/texlive/2021/texmf-dist/tex/context/base/mkii/supp-pdf.mkii
[Loading MPS to PDF converter (version 2006.09.02).]
\scratchcounter=\count189
\scratchdimen=\dimen142
\scratchbox=\box50
\nofMPsegments=\count190
\nofMParguments=\count191
\everyMPshowfont=\toks20
\MPscratchCnt=\count192
\MPscratchDim=\dimen143
\MPnumerator=\count193
\makeMPintoPDFobject=\count194
\everyMPtoPDFconversion=\toks21
) (/usr/local/texlive/2021/texmf-dist/tex/latex/epstopdf-pkg/epstopdf-base.sty
Package: epstopdf-base 2020-01-24 v2.11 Base part for package epstopdf
Package epstopdf-base Info: Redefining graphics rule for `.eps' on input line 4
85.

(/usr/local/texlive/2021/texmf-dist/tex/latex/latexconfig/epstopdf-sys.cfg
File: epstopdf-sys.cfg 2010/07/13 v1.3 Configuration of (r)epstopdf for TeX Liv
e
))
LaTeX Font Info:    Trying to load font information for OT1+ppl on input line 5
7.

(/usr/local/texlive/2021/texmf-dist/tex/latex/psnfss/ot1ppl.fd
File: ot1ppl.fd 2001/06/04 font definitions for OT1/ppl.
)
LaTeX Font Info:    Trying to load font information for OML+zplm on input line 
57.

(/usr/local/texlive/2021/texmf-dist/tex/latex/psnfss/omlzplm.fd
File: omlzplm.fd 2002/09/08 Fontinst v1.914 font definitions for OML/zplm.
)
LaTeX Font Info:    Trying to load font information for OMS+zplm on input line 
57.

(/usr/local/texlive/2021/texmf-dist/tex/latex/psnfss/omszplm.fd
File: omszplm.fd 2002/09/08 Fontinst v1.914 font definitions for OMS/zplm.
)
LaTeX Font Info:    Trying to load font information for OMX+zplm on input line 
57.

(/usr/local/texlive/2021/texmf-dist/tex/latex/psnfss/omxzplm.fd
File: omxzplm.fd 2002/09/08 Fontinst v1.914 font definitions for OMX/zplm.
)
LaTeX Font Info:    Trying to load font information for OT1+zplm on input line 
57.

(/usr/local/texlive/2021/texmf-dist/tex/latex/psnfss/ot1zplm.fd
File: ot1zplm.fd 2002/09/08 Fontinst v1.914 font definitions for OT1/zplm.
) [1

{/usr/local/texlive/2021/texmf-var/fonts/map/pdftex/updmap/pdftex.map}] (./osCa
seStudy.toc
[1])
\tf@toc=\write3
\openout3 = `osCaseStudy.toc'.

 [2]
Overfull \hbox (23.4925pt too wide) in paragraph at lines 119--140
\T1/ppl/m/n/12 op-er-at-ing sys-tem de-vel-oped by Lynux-Works, was in-tro-duce
d in 1988. LynxOS-
 []


Overfull \hbox (0.53558pt too wide) in paragraph at lines 119--140
\T1/ppl/m/n/12 ca-tion Pro-gram-ming In-ter-face) which pro-vide sym-met-ric mu
lti-processing
 []


Underfull \hbox (badness 10000) in paragraph at lines 119--140

 []

[3

] [4]
LaTeX Font Info:    Trying to load font information for TS1+ppl on input line 1
56.
 (/usr/local/texlive/2021/texmf-dist/tex/latex/psnfss/ts1ppl.fd
File: ts1ppl.fd 2001/06/04 font definitions for TS1/ppl.
)
[5]
Underfull \hbox (badness 10000) in paragraph at lines 183--186

 []

</Users/daksh_mac/Desktop/embed.jpeg, id=24, 957.5775pt x 418.56375pt>
File: /Users/daksh_mac/Desktop/embed.jpeg Graphic file (type jpg)
<use /Users/daksh_mac/Desktop/embed.jpeg>
Package pdftex.def Info: /Users/daksh_mac/Desktop/embed.jpeg  used on input lin
e 193.
(pdftex.def)             Requested size: 369.88853pt x 161.68083pt.
[6

 </Users/daksh_mac/Desktop/embed.jpeg>] [7]
</Users/daksh_mac/Desktop/kernel.jpeg, id=32, 660.4675pt x 428.60126pt>
File: /Users/daksh_mac/Desktop/kernel.jpeg Graphic file (type jpg)
<use /Users/daksh_mac/Desktop/kernel.jpeg>
Package pdftex.def Info: /Users/daksh_mac/Desktop/kernel.jpeg  used on input li
ne 244.
(pdftex.def)             Requested size: 369.89958pt x 240.04121pt.
 [8] [9 </Users/daksh_mac/Desktop/kernel.jpeg>]
Overfull \hbox (16.88016pt too wide) in paragraph at lines 292--298
\T1/ppl/m/n/12 ing), Lynx-Works de-vel-oped and patented tech-niques known as k
er-nel threads
 []

[10]
</Users/daksh_mac/Desktop/arch1.jpeg, id=43, 809.0225pt x 389.455pt>
File: /Users/daksh_mac/Desktop/arch1.jpeg Graphic file (type jpg)
<use /Users/daksh_mac/Desktop/arch1.jpeg>
Package pdftex.def Info: /Users/daksh_mac/Desktop/arch1.jpeg  used on input lin
e 312.
(pdftex.def)             Requested size: 398.33792pt x 191.7557pt.

Overfull \hbox (8.33792pt too wide) in paragraph at lines 312--313
 [][] 
 []

</Users/daksh_mac/Desktop/arch2.jpeg, id=44, 537.00626pt x 336.25626pt>
File: /Users/daksh_mac/Desktop/arch2.jpeg Graphic file (type jpg)
<use /Users/daksh_mac/Desktop/arch2.jpeg>
Package pdftex.def Info: /Users/daksh_mac/Desktop/arch2.jpeg  used on input lin
e 327.
(pdftex.def)             Requested size: 369.88739pt x 231.61172pt.
[11

 </Users/daksh_mac/Desktop/arch1.jpeg>]
Underfull \hbox (badness 10000) in paragraph at lines 333--344

 []

[12 </Users/daksh_mac/Desktop/arch2.jpeg>]
</Users/daksh_mac/Desktop/arch3.jpeg, id=52, 726.715pt x 202.7575pt>
File: /Users/daksh_mac/Desktop/arch3.jpeg Graphic file (type jpg)
<use /Users/daksh_mac/Desktop/arch3.jpeg>
Package pdftex.def Info: /Users/daksh_mac/Desktop/arch3.jpeg  used on input lin
e 361.
(pdftex.def)             Requested size: 398.34164pt x 111.13951pt.

Overfull \hbox (8.34164pt too wide) in paragraph at lines 361--362
 [][] 
 []

[13 </Users/daksh_mac/Desktop/arch3.jpeg>]
</Users/daksh_mac/Desktop/arch4.jpeg, id=56, 742.775pt x 486.81876pt>
File: /Users/daksh_mac/Desktop/arch4.jpeg Graphic file (type jpg)
<use /Users/daksh_mac/Desktop/arch4.jpeg>
Package pdftex.def Info: /Users/daksh_mac/Desktop/arch4.jpeg  used on input lin
e 382.
(pdftex.def)             Requested size: 412.57368pt x 270.40303pt.

Overfull \hbox (22.57368pt too wide) in paragraph at lines 382--383
 [][] 
 []

[14 </Users/daksh_mac/Desktop/arch4.jpeg>]
Overfull \hbox (19.70981pt too wide) in paragraph at lines 398--399
\T1/ppl/m/n/12 text, CPU reg-is-ters, CPU-scheduling in-for-ma-tion, Memory-man
agement
 []

</Users/daksh_mac/Desktop/queue.jpeg, id=60, 695.59875pt x 277.035pt>
File: /Users/daksh_mac/Desktop/queue.jpeg Graphic file (type jpg)
<use /Users/daksh_mac/Desktop/queue.jpeg>
Package pdftex.def Info: /Users/daksh_mac/Desktop/queue.jpeg  used on input lin
e 414.
(pdftex.def)             Requested size: 412.56496pt x 164.31157pt.

Overfull \hbox (22.56496pt too wide) in paragraph at lines 414--415
 [][] 
 []

[15

]
Overfull \hbox (3.89417pt too wide) in paragraph at lines 425--426
\T1/ppl/m/n/12 pro-ces-sor) to pro-vide mul-ti-ple threads of ex-e-cu-tion con-
cur-rently, sup-
 []

[16 </Users/daksh_mac/Desktop/queue.jpeg>]
Underfull \hbox (badness 10000) in paragraph at lines 439--450

 []


Underfull \hbox (badness 10000) in paragraph at lines 439--450

 []

</Users/daksh_mac/Desktop/inversion.jpeg, id=67, 594.22pt x 277.035pt>
File: /Users/daksh_mac/Desktop/inversion.jpeg Graphic file (type jpg)
<use /Users/daksh_mac/Desktop/inversion.jpeg>
Package pdftex.def Info: /Users/daksh_mac/Desktop/inversion.jpeg  used on input
 line 453.
(pdftex.def)             Requested size: 284.54233pt x 132.65823pt.
[17

 </Users/daksh_mac/Desktop/inversion.jpeg>]
Underfull \hbox (badness 10000) in paragraph at lines 500--501

 []


Underfull \hbox (badness 10000) in paragraph at lines 500--501

 []

[18

]
</Users/daksh_mac/Desktop/posixSch.jpeg, id=75, 339.2675pt x 333.245pt>
File: /Users/daksh_mac/Desktop/posixSch.jpeg Graphic file (type jpg)
<use /Users/daksh_mac/Desktop/posixSch.jpeg>
Package pdftex.def Info: /Users/daksh_mac/Desktop/posixSch.jpeg  used on input 
line 519.
(pdftex.def)             Requested size: 289.68846pt x 284.54605pt.
 [19] [20 </Users/daksh_mac/Desktop/posixSch.jpeg>]
Underfull \hbox (badness 10000) in paragraph at lines 563--573

 []


Underfull \hbox (badness 10000) in paragraph at lines 574--581

 []

[21]
</Users/daksh_mac/Desktop/ptracking.jpeg, id=85, 587.19376pt x 243.91125pt>
File: /Users/daksh_mac/Desktop/ptracking.jpeg Graphic file (type jpg)
<use /Users/daksh_mac/Desktop/ptracking.jpeg>
Package pdftex.def Info: /Users/daksh_mac/Desktop/ptracking.jpeg  used on input
 line 591.
(pdftex.def)             Requested size: 398.33673pt x 165.46294pt.

Overfull \hbox (8.33673pt too wide) in paragraph at lines 591--596
 [][] 
 []


Overfull \hbox (1.28812pt too wide) in paragraph at lines 600--600
[]\T1/ppl/b/n/14.4 Interprocess Com-mu-ni-ca-tion and Pro-cess Syn-chro-niza-
 []

[22 </Users/daksh_mac/Desktop/ptracking.jpeg>] [23] [24] [25]
</Users/daksh_mac/Downloads/rag.jpeg, id=100, 238.8925pt x 250.9375pt>
File: /Users/daksh_mac/Downloads/rag.jpeg Graphic file (type jpg)
<use /Users/daksh_mac/Downloads/rag.jpeg>
Package pdftex.def Info: /Users/daksh_mac/Downloads/rag.jpeg  used on input lin
e 698.
(pdftex.def)             Requested size: 270.9004pt x 284.55925pt.
 [26]
Overfull \hbox (3.33168pt too wide) in paragraph at lines 714--718
\T1/ppl/m/n/12 grant-ing re-source al-lo-ca-tion re-quests if dead-lock is al-l
owed to oc-cur. There-
 []

[27 </Users/daksh_mac/Downloads/rag.jpeg>]
</Users/daksh_mac/Downloads/wait.jpeg, id=108, 263.98625pt x 252.945pt>
File: /Users/daksh_mac/Downloads/wait.jpeg Graphic file (type jpg)
<use /Users/daksh_mac/Downloads/wait.jpeg>
Package pdftex.def Info: /Users/daksh_mac/Downloads/wait.jpeg  used on input li
ne 721.
(pdftex.def)             Requested size: 296.95157pt x 284.53154pt.
 [28] [29 </Users/daksh_mac/Downloads/wait.jpeg>] [30]
</Users/daksh_mac/Downloads/rec.jpeg, id=119, 434.62375pt x 208.78pt>
File: /Users/daksh_mac/Downloads/rec.jpeg Graphic file (type jpg)
<use /Users/daksh_mac/Downloads/rec.jpeg>
Package pdftex.def Info: /Users/daksh_mac/Downloads/rec.jpeg  used on input lin
e 741.
(pdftex.def)             Requested size: 398.35991pt x 191.35992pt.

Overfull \hbox (8.35991pt too wide) in paragraph at lines 741--742
 [][] 
 []

[31 </Users/daksh_mac/Downloads/rec.jpeg>]
Underfull \hbox (badness 10000) in paragraph at lines 760--764

 []


Underfull \hbox (badness 10000) in paragraph at lines 765--772

 []

</Users/daksh_mac/Desktop/mmu.jpeg, id=123, 676.5275pt x 417.56pt>
File: /Users/daksh_mac/Desktop/mmu.jpeg Graphic file (type jpg)
<use /Users/daksh_mac/Desktop/mmu.jpeg>
Package pdftex.def Info: /Users/daksh_mac/Desktop/mmu.jpeg  used on input line 
776.
(pdftex.def)             Requested size: 398.35289pt x 245.86765pt.

Overfull \hbox (8.35289pt too wide) in paragraph at lines 776--777
 [][] 
 []

[32

]
</Users/daksh_mac/Desktop/mem.jpeg, id=127, 666.49pt x 567.11874pt>
File: /Users/daksh_mac/Desktop/mem.jpeg Graphic file (type jpg)
<use /Users/daksh_mac/Desktop/mem.jpeg>
Package pdftex.def Info: /Users/daksh_mac/Desktop/mem.jpeg  used on input line 
802.
(pdftex.def)             Requested size: 334.39337pt x 284.53651pt.
 [33 </Users/daksh_mac/Desktop/mmu.jpeg>]
Underfull \hbox (badness 10000) in paragraph at lines 810--811

 []


Overfull \hbox (11.26277pt too wide) in paragraph at lines 815--816
[]\T1/ppl/m/n/12 Can be used if your ap-pli-ca-tion never deletes a task, queue
, semaphore,
 []

[34 </Users/daksh_mac/Desktop/mem.jpeg>]
Underfull \hbox (badness 10000) in paragraph at lines 826--827

 []


Overfull \hbox (0.45241pt too wide) in paragraph at lines 844--845
\T1/ppl/m/n/12 small blocks, even-tu-ally re-sult-ing in al-lo-ca-tion fail-ure
s. $\OML/zplm/m/it/12 heap[]\OT1/ppl/m/n/12 4$\T1/ppl/m/n/12 .c
 []

[35]
Underfull \hbox (badness 10000) in paragraph at lines 855--856

 []


Underfull \hbox (badness 10000) in paragraph at lines 873--874

 []

[36]
Underfull \hbox (badness 10000) in paragraph at lines 890--891

 []

[37] [38

]
</Users/daksh_mac/Desktop/nfs.jpeg, id=147, 760.8425pt x 374.39874pt>
File: /Users/daksh_mac/Desktop/nfs.jpeg Graphic file (type jpg)
<use /Users/daksh_mac/Desktop/nfs.jpeg>
Package pdftex.def Info: /Users/daksh_mac/Desktop/nfs.jpeg  used on input line 
968.
(pdftex.def)             Requested size: 426.8003pt x 210.02177pt.

Overfull \hbox (36.8003pt too wide) in paragraph at lines 968--969
 [][] 
 []

[39]
Overfull \hbox (11.13051pt too wide) in paragraph at lines 980--981
[]\T1/ppl/m/n/12 In this way, the client can-not dif-fer-en-ti-ate be-tween a s
erver that crashed
 []


Overfull \hbox (67.5981pt too wide) in paragraph at lines 988--989
\T1/ppl/m/n/12 is re-mote or lo-cal. user pro-gram: $\OML/zplm/m/it/12 OPEN\OT1
/zplm/m/n/12 (\OT1/ppl/m/n/12 "\OT1/zplm/m/n/12 /\OML/zplm/m/it/12 users\OT1/zp
lm/m/n/12 /\OML/zplm/m/it/12 jdoe\OT1/zplm/m/n/12 /\OT1/ppl/m/n/12 .\OML/zplm/m
/it/12 profile\OT1/ppl/m/n/12 ", \OML/zplm/m/it/12 READONLY\OT1/zplm/m/n/12 ) \
OMS/zplm/m/n/12 ^^@
 []

[40 </Users/daksh_mac/Desktop/nfs.jpeg>]
Overfull \hbox (0.42622pt too wide) in paragraph at lines 990--991
\T1/ppl/m/n/12 plat-forms Sim-ple pro-to-cols that could be eas-ily im-ple-ment
ed in other
 []

</Users/daksh_mac/Desktop/flash1.jpeg, id=154, 651.43375pt x 343.2825pt>
File: /Users/daksh_mac/Desktop/flash1.jpeg Graphic file (type jpg)
<use /Users/daksh_mac/Desktop/flash1.jpeg>
Package pdftex.def Info: /Users/daksh_mac/Desktop/flash1.jpeg  used on input li
ne 1014.
(pdftex.def)             Requested size: 426.80653pt x 224.91191pt.

Overfull \hbox (36.80653pt too wide) in paragraph at lines 1014--1015
 [][] 
 []

[41]
</Users/daksh_mac/Desktop/flash2.jpeg, id=158, 567.11874pt x 453.695pt>
File: /Users/daksh_mac/Desktop/flash2.jpeg Graphic file (type jpg)
<use /Users/daksh_mac/Desktop/flash2.jpeg>
Package pdftex.def Info: /Users/daksh_mac/Desktop/flash2.jpeg  used on input li
ne 1025.
(pdftex.def)             Requested size: 355.65984pt x 284.52788pt.
 [42 </Users/daksh_mac/Desktop/flash1.jpeg>]
Underfull \hbox (badness 10000) in paragraph at lines 1032--1033

 []


Underfull \hbox (badness 10000) in paragraph at lines 1034--1036

 []

[43 </Users/daksh_mac/Desktop/flash2.jpeg>]
Underfull \hbox (badness 10000) in paragraph at lines 1038--1039

 []

[44

] [45

] (./osCaseStudy.bbl
Underfull \hbox (badness 6157) in paragraph at lines 60--63
[]\T1/ppl/m/n/12 Oracle, ``Sys-tem v ipc,'' \T1/ppl/m/it/12 https://docs.oracle
.com/cd/E19455-01/806-
 []


Underfull \hbox (badness 10000) in paragraph at lines 70--73
[]\T1/ppl/m/n/12 dbms notes, ``Nfs-concepts,'' \T1/ppl/m/it/12 http://www.dbms-

 []

) [46

] (./osCaseStudy.aux)

LaTeX Warning: There were multiply-defined labels.

 ) 
Here is how much of TeX's memory you used:
 1885 strings out of 478994
 28634 string characters out of 5858185
 316108 words of memory out of 5000000
 19327 multiletter control sequences out of 15000+600000
 435553 words of font info for 77 fonts, out of 8000000 for 9000
 1141 hyphenation exceptions out of 8191
 68i,8n,74p,1031b,248s stack positions out of 5000i,500n,10000p,200000b,80000s
{/usr/local/texlive/2021/texmf-dist/fonts/enc/dvips/base/8r.enc}</usr/local/t
exlive/2021/texmf-dist/fonts/type1/public/amsfonts/cm/cmmi10.pfb></usr/local/te
xlive/2021/texmf-dist/fonts/type1/public/amsfonts/cm/cmr10.pfb></usr/local/texl
ive/2021/texmf-dist/fonts/type1/public/amsfonts/cm/cmsy10.pfb></usr/local/texli
ve/2021/texmf-dist/fonts/type1/urw/palatino/uplb8a.pfb></usr/local/texlive/2021
/texmf-dist/fonts/type1/urw/palatino/uplr8a.pfb></usr/local/texlive/2021/texmf-
dist/fonts/type1/urw/palatino/uplri8a.pfb>
Output written on osCaseStudy.pdf (47 pages, 810451 bytes).
PDF statistics:
 200 PDF objects out of 1000 (max. 8388607)
 125 compressed objects within 2 object streams
 0 named destinations out of 1000 (max. 500000)
 91 words of extra memory for PDF output out of 10000 (max. 10000000)

